<?xml version="1.0" encoding="UTF-8"?>
<!-- Generated by org.testng.reporters.JUnitXMLReporter -->
<testsuite ignored="0" hostname="DESKTOP-RSU00G1" failures="0" tests="4" name="Default test" time="27.653" errors="0" timestamp="2022-10-13T00:09:49 IST">
  <testcase classname="acttitime.TestunbClass" name="Test1" time="11.103"/>
  <testcase classname="acttitime.TestunbClass" name="Test2" time="1.164"/>
  <testcase classname="acttitime.TestunbClass" name="selectnewtask" time="6.638"/>
  <testcase classname="acttitime.TestunbClass" name="selectNewCoustmer" time="8.606"/>
</testsuite> <!-- Default test -->
