<?xml version="1.0" encoding="UTF-8"?>
<testng-results ignored="0" total="1" passed="1" failed="0" skipped="0">
  <reporter-output>
  </reporter-output>
  <suite started-at="2022-10-30T14:52:55 IST" name="Default suite" finished-at="2022-10-30T14:53:28 IST" duration-ms="33430">
    <groups>
    </groups>
    <test started-at="2022-10-30T14:52:55 IST" name="Default test" finished-at="2022-10-30T14:53:28 IST" duration-ms="33430">
      <class name="com.testLayer.LoginPageTest">
        <test-method is-config="true" signature="setup()[pri:0, instance:com.testLayer.LoginPageTest@59fd97a8]" started-at="2022-10-30T14:52:55 IST" name="setup" finished-at="2022-10-30T14:53:24 IST" duration-ms="29121" status="PASS">
          <reporter-output>
          </reporter-output>
        </test-method> <!-- setup -->
        <test-method signature="verifyLoginTest()[pri:0, instance:com.testLayer.LoginPageTest@59fd97a8]" started-at="2022-10-30T14:53:24 IST" name="verifyLoginTest" finished-at="2022-10-30T14:53:28 IST" duration-ms="3810" status="PASS">
          <reporter-output>
          </reporter-output>
        </test-method> <!-- verifyLoginTest -->
        <test-method is-config="true" signature="tearDown()[pri:0, instance:com.testLayer.LoginPageTest@59fd97a8]" started-at="2022-10-30T14:53:28 IST" name="tearDown" finished-at="2022-10-30T14:53:28 IST" duration-ms="432" status="PASS">
          <reporter-output>
          </reporter-output>
        </test-method> <!-- tearDown -->
      </class> <!-- com.testLayer.LoginPageTest -->
    </test> <!-- Default test -->
  </suite> <!-- Default suite -->
</testng-results>
