<?xml version="1.0" encoding="UTF-8"?>
<testng-results ignored="0" total="4" passed="4" failed="0" skipped="0">
  <reporter-output>
  </reporter-output>
  <suite started-at="2022-10-13T00:09:22 IST" name="Default suite" finished-at="2022-10-13T00:09:49 IST" duration-ms="27653">
    <groups>
    </groups>
    <test started-at="2022-10-13T00:09:22 IST" name="Default test" finished-at="2022-10-13T00:09:49 IST" duration-ms="27653">
      <class name="acttitime.TestunbClass">
        <test-method signature="Test1()[pri:1, instance:acttitime.TestunbClass@4690b489]" started-at="2022-10-13T00:09:22 IST" name="Test1" finished-at="2022-10-13T00:09:33 IST" duration-ms="11103" status="PASS">
          <reporter-output>
          </reporter-output>
        </test-method> <!-- Test1 -->
        <test-method signature="Test2()[pri:2, instance:acttitime.TestunbClass@4690b489]" started-at="2022-10-13T00:09:33 IST" name="Test2" finished-at="2022-10-13T00:09:34 IST" duration-ms="1164" status="PASS">
          <reporter-output>
          </reporter-output>
        </test-method> <!-- Test2 -->
        <test-method signature="selectnewtask()[pri:3, instance:acttitime.TestunbClass@4690b489]" started-at="2022-10-13T00:09:34 IST" name="selectnewtask" finished-at="2022-10-13T00:09:41 IST" duration-ms="6638" status="PASS">
          <reporter-output>
          </reporter-output>
        </test-method> <!-- selectnewtask -->
        <test-method signature="selectNewCoustmer()[pri:4, instance:acttitime.TestunbClass@4690b489]" started-at="2022-10-13T00:09:41 IST" name="selectNewCoustmer" finished-at="2022-10-13T00:09:49 IST" duration-ms="8606" status="PASS">
          <reporter-output>
          </reporter-output>
        </test-method> <!-- selectNewCoustmer -->
      </class> <!-- acttitime.TestunbClass -->
    </test> <!-- Default test -->
  </suite> <!-- Default suite -->
</testng-results>
