<?xml version="1.0" encoding="UTF-8"?>
<!-- Generated by org.testng.reporters.JUnitXMLReporter -->
<testsuite ignored="4" hostname="DESKTOP-RSU00G1" failures="0" tests="1" name="Test" time="0.077" errors="0" timestamp="2022-10-10T18:21:51 IST">
  <testcase classname="Gropidemo.Testcasegropping" name="Test1" time="0.016"/>
  <testcase classname="Gropidemo.Testcasegropping" name="Test4" time="0.0">
    <ignored/>
  </testcase> <!-- Test4 -->
  <testcase classname="Gropidemo.Testcasegropping" name="Test3" time="0.0">
    <ignored/>
  </testcase> <!-- Test3 -->
  <testcase classname="Gropidemo.Testcasegropping" name="Test2" time="0.0">
    <ignored/>
  </testcase> <!-- Test2 -->
  <testcase classname="Gropidemo.Testcasegropping" name="Test5" time="0.0">
    <ignored/>
  </testcase> <!-- Test5 -->
</testsuite> <!-- Test -->
