<?xml version="1.0" encoding="UTF-8"?>
<testng-results ignored="0" total="1" passed="1" failed="0" skipped="0">
  <reporter-output>
  </reporter-output>
  <suite started-at="2022-10-06T17:04:08Z" name="Surefire suite" finished-at="2022-10-06T17:04:08Z" duration-ms="96">
    <groups>
    </groups>
    <test started-at="2022-10-06T17:04:08Z" name="Surefire test" finished-at="2022-10-06T17:04:08Z" duration-ms="96">
      <class name="TestingMaven.DemoProject.AppTest">
        <test-method signature="shouldAnswerWithTrue()" started-at="2022-10-06T17:04:08Z" name="shouldAnswerWithTrue" finished-at="2022-10-06T17:04:08Z" duration-ms="8" status="PASS">
          <reporter-output>
          </reporter-output>
        </test-method> <!-- shouldAnswerWithTrue -->
      </class> <!-- TestingMaven.DemoProject.AppTest -->
    </test> <!-- Surefire test -->
  </suite> <!-- Surefire suite -->
</testng-results>
