<?xml version="1.0" encoding="UTF-8"?>
<testng-results ignored="0" total="1" passed="1" failed="0" skipped="0">
  <reporter-output>
  </reporter-output>
  <suite started-at="2022-10-06T17:04:07Z" name="Surefire suite" finished-at="2022-10-06T17:04:07Z" duration-ms="128">
    <groups>
    </groups>
    <test started-at="2022-10-06T17:04:07Z" name="Surefire test" finished-at="2022-10-06T17:04:07Z" duration-ms="128">
      <class name="annotation.Testngannotation">
        <test-method signature="test1()[pri:0, instance:annotation.Testngannotation@25bbf683]" started-at="2022-10-06T17:04:07Z" name="test1" finished-at="2022-10-06T17:04:07Z" duration-ms="23" status="PASS">
          <reporter-output>
          </reporter-output>
        </test-method> <!-- test1 -->
      </class> <!-- annotation.Testngannotation -->
    </test> <!-- Surefire test -->
  </suite> <!-- Surefire suite -->
</testng-results>
